 
#####################################
Fri 22 Jul 2022 03:15:50 IST
#####################################
 
Usage: celery [OPTIONS] COMMAND [ARGS]...
Try 'celery --help' for help.

Error: Invalid value for '-A' / '--app': 
Unable to load celery application.
While trying to load the module celery_async.celery_async_functions the following error occurred:
Traceback (most recent call last):
  File "/Library/Frameworks/Python.framework/Versions/3.10/lib/python3.10/site-packages/celery/app/utils.py", line 384, in find_app
    sym = symbol_by_name(app, imp=imp)
  File "/Library/Frameworks/Python.framework/Versions/3.10/lib/python3.10/site-packages/kombu/utils/imports.py", line 61, in symbol_by_name
    return getattr(module, cls_name) if cls_name else module
AttributeError: module 'celery_async' has no attribute 'celery_async_functions'

During handling of the above exception, another exception occurred:

Traceback (most recent call last):
  File "/Library/Frameworks/Python.framework/Versions/3.10/lib/python3.10/site-packages/celery/bin/celery.py", line 57, in convert
    return find_app(value)
  File "/Library/Frameworks/Python.framework/Versions/3.10/lib/python3.10/site-packages/celery/app/utils.py", line 387, in find_app
    sym = imp(app)
  File "/Library/Frameworks/Python.framework/Versions/3.10/lib/python3.10/site-packages/celery/utils/imports.py", line 105, in import_from_cwd
    return imp(module, package=package)
  File "/Library/Frameworks/Python.framework/Versions/3.10/lib/python3.10/importlib/__init__.py", line 126, in import_module
    return _bootstrap._gcd_import(name[level:], package, level)
  File "<frozen importlib._bootstrap>", line 1050, in _gcd_import
  File "<frozen importlib._bootstrap>", line 1027, in _find_and_load
  File "<frozen importlib._bootstrap>", line 1006, in _find_and_load_unlocked
  File "<frozen importlib._bootstrap>", line 688, in _load_unlocked
  File "<frozen importlib._bootstrap_external>", line 883, in exec_module
  File "<frozen importlib._bootstrap>", line 241, in _call_with_frames_removed
  File "/Users/ojasvichauhan/Downloads/flashcard-app-2-factory/celery_async/celery_async_functions.py", line 8, in <module>
    from coms.reportgen import generate_report
  File "/Users/ojasvichauhan/Downloads/flashcard-app-2-factory/coms/reportgen.py", line 2, in <module>
    from weasyprint import HTML, CSS
ModuleNotFoundError: No module named 'weasyprint'

